<?xml version="1.0" encoding="UTF-8"?>
<!-- Generated by org.testng.reporters.JUnitXMLReporter -->
<testsuite hostname="HW1533" ignored="0" name="WordPressApplicationTest" tests="6" failures="0" timestamp="02 Oct 2019 14:35:15 GMT" time="73.712" errors="0">
  <testcase name="loginPageTitleTest" time="0.033" classname="com.wordpress.qa.testcases.LoginPageTest"/>
  <testcase name="loginTest" time="3.407" classname="com.wordpress.qa.testcases.LoginPageTest"/>
  <testcase name="loginWordPresslogoTest" time="0.069" classname="com.wordpress.qa.testcases.LoginPageTest"/>
  <testcase name="homePageTitleTest" time="0.019" classname="com.wordpress.qa.testcases.HomePageTest"/>
  <testcase name="verifyAddNewPostLinkTest" time="8.373" classname="com.wordpress.qa.testcases.HomePageTest"/>
  <testcase name="verifyUserNameTest" time="0.035" classname="com.wordpress.qa.testcases.HomePageTest"/>
</testsuite> <!-- WordPressApplicationTest -->
