<?xml version="1.0" encoding="UTF-8"?>
<!-- Generated by org.testng.reporters.JUnitXMLReporter -->
<testsuite hostname="Hitendra-PC" ignored="1" name="WordPressApplicationTest" tests="2" failures="0" timestamp="07 Dec 2019 14:03:00 GMT" time="22.064" errors="0">
  <testcase name="loginPageTitleTest" time="0.031" classname="com.wordpress.qa.testcases.LoginPageTest"/>
  <testcase name="loginTest" time="5.057" classname="com.wordpress.qa.testcases.LoginPageTest"/>
  <testcase name="loginWordPresslogoTest" time="0.0" classname="com.wordpress.qa.testcases.LoginPageTest">
    <ignored/>
  </testcase> <!-- loginWordPresslogoTest -->
</testsuite> <!-- WordPressApplicationTest -->
