<?xml version="1.0" encoding="UTF-8"?>
<testng-results skipped="0" failed="0" ignored="1" total="3" passed="2">
  <reporter-output>
  </reporter-output>
  <suite name="AutomationSmokeTestSuite" duration-ms="19911" started-at="2019-10-02T17:15:27Z" finished-at="2019-10-02T17:15:47Z">
    <groups>
      <group name="SytemTest">
        <method signature="LoginPageTest.loginPageTitleTest()[pri:0, instance:com.wordpress.qa.testcases.LoginPageTest@59ec2012]" name="loginPageTitleTest" class="com.wordpress.qa.testcases.LoginPageTest"/>
        <method signature="LoginPageTest.loginTest()[pri:0, instance:com.wordpress.qa.testcases.LoginPageTest@59ec2012]" name="loginTest" class="com.wordpress.qa.testcases.LoginPageTest"/>
      </group> <!-- SytemTest -->
      <group name="Smoke">
        <method signature="LoginPageTest.loginPageTitleTest()[pri:0, instance:com.wordpress.qa.testcases.LoginPageTest@59ec2012]" name="loginPageTitleTest" class="com.wordpress.qa.testcases.LoginPageTest"/>
        <method signature="LoginPageTest.loginTest()[pri:0, instance:com.wordpress.qa.testcases.LoginPageTest@59ec2012]" name="loginTest" class="com.wordpress.qa.testcases.LoginPageTest"/>
      </group> <!-- Smoke -->
    </groups>
    <test name="WordPressApplicationTest" duration-ms="19911" started-at="2019-10-02T17:15:27Z" finished-at="2019-10-02T17:15:47Z">
      <class name="com.wordpress.qa.testcases.LoginPageTest">
        <test-method status="PASS" signature="startTest()[pri:0, instance:com.wordpress.qa.testcases.LoginPageTest@59ec2012]" name="startTest" is-config="true" duration-ms="231" started-at="2019-10-02T17:15:27Z" finished-at="2019-10-02T17:15:27Z">
          <reporter-output>
          </reporter-output>
        </test-method> <!-- startTest -->
        <test-method status="PASS" signature="setup()[pri:0, instance:com.wordpress.qa.testcases.LoginPageTest@59ec2012]" name="setup" is-config="true" duration-ms="7152" started-at="2019-10-02T17:15:27Z" finished-at="2019-10-02T17:15:35Z">
          <reporter-output>
          </reporter-output>
        </test-method> <!-- setup -->
        <test-method status="PASS" signature="loginPageTitleTest()[pri:0, instance:com.wordpress.qa.testcases.LoginPageTest@59ec2012]" name="loginPageTitleTest" duration-ms="46" started-at="2019-10-02T17:15:35Z" finished-at="2019-10-02T17:15:35Z">
          <reporter-output>
          </reporter-output>
        </test-method> <!-- loginPageTitleTest -->
        <test-method status="PASS" signature="tearDown(org.testng.ITestResult)[pri:0, instance:com.wordpress.qa.testcases.LoginPageTest@59ec2012]" name="tearDown" is-config="true" duration-ms="1094" started-at="2019-10-02T17:15:35Z" finished-at="2019-10-02T17:15:36Z">
          <params>
            <param index="0">
              <value>
                <![CDATA[[TestResult name=loginPageTitleTest status=SUCCESS method=LoginPageTest.loginPageTitleTest()[pri:0, instance:com.wordpress.qa.testcases.LoginPageTest@59ec2012] output={null}]]]>
              </value>
            </param>
          </params>
          <reporter-output>
          </reporter-output>
        </test-method> <!-- tearDown -->
        <test-method status="PASS" signature="setup()[pri:0, instance:com.wordpress.qa.testcases.LoginPageTest@59ec2012]" name="setup" is-config="true" duration-ms="6463" started-at="2019-10-02T17:15:36Z" finished-at="2019-10-02T17:15:42Z">
          <reporter-output>
          </reporter-output>
        </test-method> <!-- setup -->
        <test-method status="PASS" signature="loginTest()[pri:0, instance:com.wordpress.qa.testcases.LoginPageTest@59ec2012]" name="loginTest" duration-ms="3499" started-at="2019-10-02T17:15:42Z" finished-at="2019-10-02T17:15:46Z">
          <reporter-output>
          </reporter-output>
        </test-method> <!-- loginTest -->
        <test-method status="PASS" signature="tearDown(org.testng.ITestResult)[pri:0, instance:com.wordpress.qa.testcases.LoginPageTest@59ec2012]" name="tearDown" is-config="true" duration-ms="1023" started-at="2019-10-02T17:15:46Z" finished-at="2019-10-02T17:15:47Z">
          <params>
            <param index="0">
              <value>
                <![CDATA[[TestResult name=loginTest status=SUCCESS method=LoginPageTest.loginTest()[pri:0, instance:com.wordpress.qa.testcases.LoginPageTest@59ec2012] output={null}]]]>
              </value>
            </param>
          </params>
          <reporter-output>
          </reporter-output>
        </test-method> <!-- tearDown -->
        <test-method status="PASS" signature="endTest()[pri:0, instance:com.wordpress.qa.testcases.LoginPageTest@59ec2012]" name="endTest" is-config="true" duration-ms="373" started-at="2019-10-02T17:15:47Z" finished-at="2019-10-02T17:15:47Z">
          <reporter-output>
          </reporter-output>
        </test-method> <!-- endTest -->
      </class> <!-- com.wordpress.qa.testcases.LoginPageTest -->
    </test> <!-- WordPressApplicationTest -->
  </suite> <!-- AutomationSmokeTestSuite -->
</testng-results>
