<?xml version="1.0" encoding="UTF-8"?>
<!-- Generated by org.testng.reporters.JUnitXMLReporter -->
<testsuite hostname="Hitendra-PC" ignored="0" name="WordPressApplicationTest" tests="1" failures="1" timestamp="07 Dec 2019 15:11:59 GMT" time="13.589" errors="0">
  <testcase name="@AfterMethod tearDown" time="0.01" classname="com.wordpress.qa.testcases.PostPageTest">
    <failure type="java.lang.AbstractMethodError" message="com.wordpress.qa.util.WebEventListener.beforeGetScreenshotAs(Lorg/openqa/selenium/OutputType;)V">
      <![CDATA[java.lang.AbstractMethodError: com.wordpress.qa.util.WebEventListener.beforeGetScreenshotAs(Lorg/openqa/selenium/OutputType;)V
at org.openqa.selenium.support.events.EventFiringWebDriver.lambda$new$0(EventFiringWebDriver.java:84)
at com.sun.proxy.$Proxy8.beforeGetScreenshotAs(Unknown Source)
at org.openqa.selenium.support.events.EventFiringWebDriver.getScreenshotAs(EventFiringWebDriver.java:301)
at com.wordpress.qa.util.TestUtil.getScreenshot(TestUtil.java:102)
at com.wordpress.qa.util.ExtentClass.setResult(ExtentClass.java:40)
at com.wordpress.qa.testcases.PostPageTest.tearDown(PostPageTest.java:58)
... Removed 32 stack frames]]>
    </failure>
  </testcase> <!-- @AfterMethod tearDown -->
  <testcase name="@AfterTest endTest" time="0.0" classname="com.wordpress.qa.testcases.PostPageTest">
    <skipped/>
  </testcase> <!-- @AfterTest endTest -->
  <testcase name="searchPostTest" time="1.269" classname="com.wordpress.qa.testcases.PostPageTest">
    <failure type="java.lang.AbstractMethodError" message="com.wordpress.qa.util.WebEventListener.beforeGetText(Lorg/openqa/selenium/WebElement;Lorg/openqa/selenium/WebDriver;)V">
      <![CDATA[java.lang.AbstractMethodError: com.wordpress.qa.util.WebEventListener.beforeGetText(Lorg/openqa/selenium/WebElement;Lorg/openqa/selenium/WebDriver;)V
at org.openqa.selenium.support.events.EventFiringWebDriver.lambda$new$0(EventFiringWebDriver.java:84)
at com.sun.proxy.$Proxy8.beforeGetText(Unknown Source)
at org.openqa.selenium.support.events.EventFiringWebDriver$EventFiringWebElement.getText(EventFiringWebDriver.java:462)
at org.openqa.selenium.support.pagefactory.internal.LocatingElementHandler.invoke(LocatingElementHandler.java:51)
at com.sun.proxy.$Proxy13.getText(Unknown Source)
at com.worpress.qa.pages.PostPage.searchPost(PostPage.java:35)
at com.wordpress.qa.testcases.PostPageTest.searchPostTest(PostPageTest.java:53)
... Removed 33 stack frames]]>
    </failure>
  </testcase> <!-- searchPostTest -->
</testsuite> <!-- WordPressApplicationTest -->
