<?xml version="1.0" encoding="UTF-8"?>
<!-- Generated by org.testng.reporters.JUnitReportReporter -->
<testsuite skipped="1" hostname="Hitendra-PC" name="com.wordpress.qa.testcases.PostPageTest" tests="2" failures="0" timestamp="21 Dec 2019 04:19:48 GMT" time="1.778" errors="1">
  <testcase name="setup" time="1.778" classname="com.wordpress.qa.testcases.PostPageTest">
    <error type="org.openqa.selenium.SessionNotCreatedException" message="session not created: This version of ChromeDriver only supports Chrome version 77
Build info: version: &#039;3.141.59&#039;, revision: &#039;e82be7d358&#039;, time: &#039;2018-11-14T08:25:48&#039;
System info: host: &#039;HITENDRA-PC&#039;, ip: &#039;192.168.0.15&#039;, os.name: &#039;Windows 7&#039;, os.arch: &#039;amd64&#039;, os.version: &#039;6.1&#039;, java.version: &#039;1.8.0_162&#039;
Driver info: driver.version: ChromeDriver
remote stacktrace: Backtrace:
	Ordinal0 [0x00AFEB13+1501971]
	Ordinal0 [0x00A7F6D1+980689]
	Ordinal0 [0x00A0765F+489055]
	Ordinal0 [0x0099F2F4+62196]
	Ordinal0 [0x0099BCDA+48346]
	Ordinal0 [0x009B9800+169984]
	Ordinal0 [0x009B942D+169005]
	Ordinal0 [0x009B78EB+162027]
	Ordinal0 [0x009A0AC7+68295]
	Ordinal0 [0x009A1B40+72512]
	Ordinal0 [0x009A1AD9+72409]
	Ordinal0 [0x00A98F37+1085239]
	GetHandleVerifier [0x00B9D7ED+503293]
	GetHandleVerifier [0x00B9D580+502672]
	GetHandleVerifier [0x00BA46AC+531644]
	GetHandleVerifier [0x00B9DFFA+505354]
	Ordinal0 [0x00A90606+1050118]
	Ordinal0 [0x00A9047F+1049727]
	Ordinal0 [0x00A9AF9B+1093531]
	Ordinal0 [0x00A9B103+1093891]
	Ordinal0 [0x00A9A095+1089685]
	BaseThreadInitThunk [0x75F733CA+18]
	RtlInitializeExceptionChain [0x779B9ED2+99]
	RtlInitializeExceptionChain [0x779B9EA5+54]
">
      <![CDATA[org.openqa.selenium.SessionNotCreatedException: session not created: This version of ChromeDriver only supports Chrome version 77
Build info: version: '3.141.59', revision: 'e82be7d358', time: '2018-11-14T08:25:48'
System info: host: 'HITENDRA-PC', ip: '192.168.0.15', os.name: 'Windows 7', os.arch: 'amd64', os.version: '6.1', java.version: '1.8.0_162'
Driver info: driver.version: ChromeDriver
remote stacktrace: Backtrace:
Ordinal0 [0x00AFEB13+1501971]
Ordinal0 [0x00A7F6D1+980689]
Ordinal0 [0x00A0765F+489055]
Ordinal0 [0x0099F2F4+62196]
Ordinal0 [0x0099BCDA+48346]
Ordinal0 [0x009B9800+169984]
Ordinal0 [0x009B942D+169005]
Ordinal0 [0x009B78EB+162027]
Ordinal0 [0x009A0AC7+68295]
Ordinal0 [0x009A1B40+72512]
Ordinal0 [0x009A1AD9+72409]
Ordinal0 [0x00A98F37+1085239]
GetHandleVerifier [0x00B9D7ED+503293]
GetHandleVerifier [0x00B9D580+502672]
GetHandleVerifier [0x00BA46AC+531644]
GetHandleVerifier [0x00B9DFFA+505354]
Ordinal0 [0x00A90606+1050118]
Ordinal0 [0x00A9047F+1049727]
Ordinal0 [0x00A9AF9B+1093531]
Ordinal0 [0x00A9B103+1093891]
Ordinal0 [0x00A9A095+1089685]
BaseThreadInitThunk [0x75F733CA+18]
RtlInitializeExceptionChain [0x779B9ED2+99]
RtlInitializeExceptionChain [0x779B9EA5+54]

at sun.reflect.NativeConstructorAccessorImpl.newInstance0(Native Method)
at sun.reflect.NativeConstructorAccessorImpl.newInstance(NativeConstructorAccessorImpl.java:62)
at sun.reflect.DelegatingConstructorAccessorImpl.newInstance(DelegatingConstructorAccessorImpl.java:45)
at java.lang.reflect.Constructor.newInstance(Constructor.java:423)
at org.openqa.selenium.remote.W3CHandshakeResponse.lambda$errorHandler$0(W3CHandshakeResponse.java:62)
at org.openqa.selenium.remote.HandshakeResponse.lambda$getResponseFunction$0(HandshakeResponse.java:30)
at org.openqa.selenium.remote.ProtocolHandshake.lambda$createSession$0(ProtocolHandshake.java:126)
at java.util.stream.ReferencePipeline$3$1.accept(ReferencePipeline.java:193)
at java.util.Spliterators$ArraySpliterator.tryAdvance(Spliterators.java:958)
at java.util.stream.ReferencePipeline.forEachWithCancel(ReferencePipeline.java:126)
at java.util.stream.AbstractPipeline.copyIntoWithCancel(AbstractPipeline.java:498)
at java.util.stream.AbstractPipeline.copyInto(AbstractPipeline.java:485)
at java.util.stream.AbstractPipeline.wrapAndCopyInto(AbstractPipeline.java:471)
at java.util.stream.FindOps$FindOp.evaluateSequential(FindOps.java:152)
at java.util.stream.AbstractPipeline.evaluate(AbstractPipeline.java:234)
at java.util.stream.ReferencePipeline.findFirst(ReferencePipeline.java:464)
at org.openqa.selenium.remote.ProtocolHandshake.createSession(ProtocolHandshake.java:128)
at org.openqa.selenium.remote.ProtocolHandshake.createSession(ProtocolHandshake.java:74)
at org.openqa.selenium.remote.HttpCommandExecutor.execute(HttpCommandExecutor.java:136)
at org.openqa.selenium.remote.service.DriverCommandExecutor.execute(DriverCommandExecutor.java:83)
at org.openqa.selenium.remote.RemoteWebDriver.execute(RemoteWebDriver.java:552)
at org.openqa.selenium.remote.RemoteWebDriver.startSession(RemoteWebDriver.java:213)
at org.openqa.selenium.remote.RemoteWebDriver.<init>(RemoteWebDriver.java:131)
at org.openqa.selenium.chrome.ChromeDriver.<init>(ChromeDriver.java:181)
at org.openqa.selenium.chrome.ChromeDriver.<init>(ChromeDriver.java:168)
at org.openqa.selenium.chrome.ChromeDriver.<init>(ChromeDriver.java:123)
at com.wordpress.qa.base.TestBase.initialization(TestBase.java:63)
at com.wordpress.qa.testcases.PostPageTest.setup(PostPageTest.java:43)
at sun.reflect.NativeMethodAccessorImpl.invoke0(Native Method)
at sun.reflect.NativeMethodAccessorImpl.invoke(NativeMethodAccessorImpl.java:62)
at sun.reflect.DelegatingMethodAccessorImpl.invoke(DelegatingMethodAccessorImpl.java:43)
at java.lang.reflect.Method.invoke(Method.java:498)
at org.testng.internal.MethodInvocationHelper.invokeMethod(MethodInvocationHelper.java:124)
at org.testng.internal.MethodInvocationHelper.invokeMethodConsideringTimeout(MethodInvocationHelper.java:59)
at org.testng.internal.Invoker.invokeConfigurationMethod(Invoker.java:458)
at org.testng.internal.Invoker.invokeConfigurations(Invoker.java:222)
at org.testng.internal.Invoker.invokeMethod(Invoker.java:523)
at org.testng.internal.Invoker.invokeTestMethod(Invoker.java:719)
at org.testng.internal.Invoker.invokeTestMethods(Invoker.java:989)
at org.testng.internal.TestMethodWorker.invokeTestMethods(TestMethodWorker.java:125)
at org.testng.internal.TestMethodWorker.run(TestMethodWorker.java:109)
at org.testng.TestRunner.privateRun(TestRunner.java:648)
at org.testng.TestRunner.run(TestRunner.java:505)
at org.testng.SuiteRunner.runTest(SuiteRunner.java:455)
at org.testng.SuiteRunner.runSequentially(SuiteRunner.java:450)
at org.testng.SuiteRunner.privateRun(SuiteRunner.java:415)
at org.testng.SuiteRunner.run(SuiteRunner.java:364)
at org.testng.SuiteRunnerWorker.runSuite(SuiteRunnerWorker.java:52)
at org.testng.SuiteRunnerWorker.run(SuiteRunnerWorker.java:84)
at org.testng.TestNG.runSuitesSequentially(TestNG.java:1208)
at org.testng.TestNG.runSuitesLocally(TestNG.java:1137)
at org.testng.TestNG.runSuites(TestNG.java:1049)
at org.testng.TestNG.run(TestNG.java:1017)
at org.testng.remote.AbstractRemoteTestNG.run(AbstractRemoteTestNG.java:115)
at org.testng.remote.RemoteTestNG.initAndRun(RemoteTestNG.java:251)
at org.testng.remote.RemoteTestNG.main(RemoteTestNG.java:77)
]]>
    </error>
  </testcase> <!-- setup -->
  <testcase name="searchPostTest" time="0.000" classname="com.wordpress.qa.testcases.PostPageTest">
    <skipped/>
  </testcase> <!-- searchPostTest -->
</testsuite> <!-- com.wordpress.qa.testcases.PostPageTest -->
